[INFO  - 2017-11-18T01:25:48.593Z] GhostDriver - Main - running on port 56824
[INFO  - 2017-11-18T01:25:49.705Z] Session [69034350-cbff-11e7-ae94-f9be99089021] - page.settings - {"XSSAuditingEnabled":false,"javascriptCanCloseWindows":true,"javascriptCanOpenWindows":true,"javascriptEnabled":true,"loadImages":true,"localToRemoteUrlAccessEnabled":false,"userAgent":"Mozilla/5.0 (Windows NT 6.2; WOW64) AppleWebKit/538.1 (KHTML, like Gecko) PhantomJS/2.1.1 Safari/538.1","webSecurityEnabled":true}
[INFO  - 2017-11-18T01:25:49.705Z] Session [69034350-cbff-11e7-ae94-f9be99089021] - page.customHeaders:  - {}
[INFO  - 2017-11-18T01:25:49.705Z] Session [69034350-cbff-11e7-ae94-f9be99089021] - Session.negotiatedCapabilities - {"browserName":"phantomjs","version":"2.1.1","driverName":"ghostdriver","driverVersion":"1.2.0","platform":"windows-10-32bit","javascriptEnabled":true,"takesScreenshot":true,"handlesAlerts":false,"databaseEnabled":false,"locationContextEnabled":false,"applicationCacheEnabled":false,"browserConnectionEnabled":false,"cssSelectorsEnabled":true,"webStorageEnabled":false,"rotatable":false,"acceptSslCerts":false,"nativeEvents":true,"proxy":{"proxyType":"direct"}}
[INFO  - 2017-11-18T01:25:49.705Z] SessionManagerReqHand - _postNewSessionCommand - New Session Created: 69034350-cbff-11e7-ae94-f9be99089021
[INFO  - 2017-11-18T01:30:46.064Z] SessionManagerReqHand - _cleanupWindowlessSessions - Asynchronous Sessions clean-up phase starting NOW
[INFO  - 2017-11-18T01:35:46.064Z] SessionManagerReqHand - _cleanupWindowlessSessions - Asynchronous Sessions clean-up phase starting NOW
[INFO  - 2017-11-18T01:40:46.067Z] SessionManagerReqHand - _cleanupWindowlessSessions - Asynchronous Sessions clean-up phase starting NOW
[INFO  - 2017-11-18T01:45:46.067Z] SessionManagerReqHand - _cleanupWindowlessSessions - Asynchronous Sessions clean-up phase starting NOW
[INFO  - 2017-11-18T01:50:46.067Z] SessionManagerReqHand - _cleanupWindowlessSessions - Asynchronous Sessions clean-up phase starting NOW
[INFO  - 2017-11-18T01:55:46.080Z] SessionManagerReqHand - _cleanupWindowlessSessions - Asynchronous Sessions clean-up phase starting NOW
[INFO  - 2017-11-18T02:00:45.526Z] SessionManagerReqHand - _cleanupWindowlessSessions - Asynchronous Sessions clean-up phase starting NOW
[INFO  - 2017-11-18T02:05:45.526Z] SessionManagerReqHand - _cleanupWindowlessSessions - Asynchronous Sessions clean-up phase starting NOW
[INFO  - 2017-11-18T02:10:45.541Z] SessionManagerReqHand - _cleanupWindowlessSessions - Asynchronous Sessions clean-up phase starting NOW
[INFO  - 2017-11-18T02:15:45.542Z] SessionManagerReqHand - _cleanupWindowlessSessions - Asynchronous Sessions clean-up phase starting NOW
[INFO  - 2017-11-18T02:20:45.567Z] SessionManagerReqHand - _cleanupWindowlessSessions - Asynchronous Sessions clean-up phase starting NOW
[INFO  - 2017-11-18T02:25:45.571Z] SessionManagerReqHand - _cleanupWindowlessSessions - Asynchronous Sessions clean-up phase starting NOW
[INFO  - 2017-11-18T02:30:45.574Z] SessionManagerReqHand - _cleanupWindowlessSessions - Asynchronous Sessions clean-up phase starting NOW
[INFO  - 2017-11-18T02:35:45.574Z] SessionManagerReqHand - _cleanupWindowlessSessions - Asynchronous Sessions clean-up phase starting NOW
[INFO  - 2017-11-18T02:40:45.574Z] SessionManagerReqHand - _cleanupWindowlessSessions - Asynchronous Sessions clean-up phase starting NOW
[INFO  - 2017-11-18T02:45:45.575Z] SessionManagerReqHand - _cleanupWindowlessSessions - Asynchronous Sessions clean-up phase starting NOW
[INFO  - 2017-11-18T02:50:45.587Z] SessionManagerReqHand - _cleanupWindowlessSessions - Asynchronous Sessions clean-up phase starting NOW
[INFO  - 2017-11-18T02:55:45.597Z] SessionManagerReqHand - _cleanupWindowlessSessions - Asynchronous Sessions clean-up phase starting NOW
[INFO  - 2017-11-18T03:00:45.597Z] SessionManagerReqHand - _cleanupWindowlessSessions - Asynchronous Sessions clean-up phase starting NOW
[INFO  - 2017-11-18T03:05:45.602Z] SessionManagerReqHand - _cleanupWindowlessSessions - Asynchronous Sessions clean-up phase starting NOW
WebElementLocator - _handleLocateCommand - Element(s) NOT Found: GAVE UP. Search Stop Time: 1510968471166

  phantomjs://platform/console++.js:263 in error
[ERROR - 2017-11-18T01:27:51.307Z] Session [69034350-cbff-11e7-ae94-f9be99089021] - page.onError - msg: Error: undefined is not an object (evaluating 'a.frozen')
isFrozen@https://www.reclameaqui.com.br/scripts/scripts.55ca2366.js:16:21425
https://www.reclameaqui.com.br/scripts/scripts.55ca2366.js:16:21618
[native code]
h@https://www.reclameaqui.com.br/scripts/vendor.947f9421.js:4:30417
https://www.reclameaqui.com.br/scripts/vendor.947f9421.js:5:16232
https://www.reclameaqui.com.br/scripts/vendor.947f9421.js:15:19362
https://www.reclameaqui.com.br/scripts/vendor.947f9421.js:3:76608
ua@https://www.reclameaqui.com.br/scripts/vendor.947f9421.js:5:972
n@https://www.reclameaqui.com.br/scripts/vendor.947f9421.js:4:83373
g@https://www.reclameaqui.com.br/scripts/vendor.947f9421.js:4:55773
https://www.reclameaqui.com.br/scripts/vendor.947f9421.js:4:55304
https://www.reclameaqui.com.br/scripts/vendor.947f9421.js:4:58078
k@https://www.reclameaqui.com.br/scripts/vendor.947f9421.js:15:54776
https://www.reclameaqui.com.br/scripts/vendor.947f9421.js:15:55045
$broadcast@https://www.reclameaqui.com.br/scripts/vendor.947f9421.js:6:4861
https://www.reclameaqui.com.br/scripts/vendor.947f9421.js:15:33910
h@https://www.reclameaqui.com.br/scripts/vendor.947f9421.js:5:55286
https://www.reclameaqui.com.br/scripts/vendor.947f9421.js:5:55458
$eval@https://www.reclameaqui.com.br/scripts/vendor.947f9421.js:6:3470
$digest@https://www.reclameaqui.com.br/scripts/vendor.947f9421.js:6:1948
$apply@https://www.reclameaqui.com.br/scripts/vendor.947f9421.js:6:3760
i@https://www.reclameaqui.com.br/scripts/vendor.947f9421.js:5:35541
u@https://www.reclameaqui.com.br/scripts/vendor.947f9421.js:5:35721
y@https://www.reclameaqui.com.br/scripts/vendor.947f9421.js:5:36249
openUrl@[native code]
open@phantomjs://platform/webpage.js:281:25
phantomjs://code/session_request_handler.js:495:36
_execFuncAndWaitForLoadDecorator@phantomjs://code/session.js:212:23
_postUrlCommand@phantomjs://code/session_request_handler.js:494:46
_handle@phantomjs://code/session_request_handler.js:91:32
_reroute@phantomjs://code/request_handler.js:61:20
_handle@phantomjs://code/router_request_handler.js:78:46 <ui-view class="ng-scope" data-ng-animate="1">

  phantomjs://platform/console++.js:263 in error
[ERROR - 2017-11-18T01:27:51.307Z] Session [69034350-cbff-11e7-ae94-f9be99089021] - page.onError - stack:
  (anonymous function) (https://www.reclameaqui.com.br/scripts/vendor.947f9421.js:5)

  phantomjs://platform/console++.js:263 in error
[ERROR - 2017-11-18T01:27:52.632Z] WebElementLocator - _handleLocateCommand - Element(s) NOT Found: GAVE UP. Search Stop Time: 1510968472615

  phantomjs://platform/console++.js:263 in error
[ERROR - 2017-11-18T01:27:52.718Z] Session [69034350-cbff-11e7-ae94-f9be99089021] - page.onError - msg: Error: undefined is not an object (evaluating 'a.frozen')
isFrozen@https://www.reclameaqui.com.br/scripts/scripts.55ca2366.js:16:21425
https://www.reclameaqui.com.br/scripts/scripts.55ca2366.js:16:21618
[native code]
h@https://www.reclameaqui.com.br/scripts/vendor.947f9421.js:4:30417
https://www.reclameaqui.com.br/scripts/vendor.947f9421.js:5:16232
https://www.reclameaqui.com.br/scripts/vendor.947f9421.js:15:19362
https://www.reclameaqui.com.br/scripts/vendor.947f9421.js:3:76608
ua@https://www.reclameaqui.com.br/scripts/vendor.947f9421.js:5:972
n@https://www.reclameaqui.com.br/scripts/vendor.947f9421.js:4:83373
g@https://www.reclameaqui.com.br/scripts/vendor.947f9421.js:4:55773
https://www.reclameaqui.com.br/scripts/vendor.947f9421.js:4:55304
https://www.reclameaqui.com.br/scripts/vendor.947f9421.js:4:58078
k@https://www.reclameaqui.com.br/scripts/vendor.947f9421.js:15:54776
https://www.reclameaqui.com.br/scripts/vendor.947f9421.js:15:55045
$broadcast@https://www.reclameaqui.com.br/scripts/vendor.947f9421.js:6:4861
https://www.reclameaqui.com.br/scripts/vendor.947f9421.js:15:33910
h@https://www.reclameaqui.com.br/scripts/vendor.947f9421.js:5:55286
https://www.reclameaqui.com.br/scripts/vendor.947f9421.js:5:55458
$eval@https://www.reclameaqui.com.br/scripts/vendor.947f9421.js:6:3470
$digest@https://www.reclameaqui.com.br/scripts/vendor.947f9421.js:6:1948
$apply@https://www.reclameaqui.com.br/scripts/vendor.947f9421.js:6:3760
i@https://www.reclameaqui.com.br/scripts/vendor.947f9421.js:5:35541
u@https://www.reclameaqui.com.br/scripts/vendor.947f9421.js:5:35721
y@https://www.reclameaqui.com.br/scripts/vendor.947f9421.js:5:36249
openUrl@[native code]
open@phantomjs://platform/webpage.js:281:25
phantomjs://code/session_request_handler.js:495:36
_execFuncAndWaitForLoadDecorator@phantomjs://code/session.js:212:23
_postUrlCommand@phantomjs://code/session_request_handler.js:494:46
_handle@phantomjs://code/session_request_handler.js:91:32
_reroute@phantomjs://code/request_handler.js:61:20
_handle@phantomjs://code/router_request_handler.js:78:46 <ui-view class="ng-scope" data-ng-animate="1">

  phantomjs://platform/console++.js:263 in error
[ERROR - 2017-11-18T01:27:52.718Z] Session [69034350-cbff-11e7-ae94-f9be99089021] - page.onError - stack:
  (anonymous function) (https://www.reclameaqui.com.br/scripts/vendor.947f9421.js:5)

  phantomjs://platform/console++.js:263 in error
[ERROR - 2017-11-18T01:27:54.003Z] WebElementLocator - _handleLocateCommand - Element(s) NOT Found: GAVE UP. Search Stop Time: 1510968473968

  phantomjs://platform/console++.js:263 in error
[INFO  - 2017-11-18T01:30:48.591Z] SessionManagerReqHand - _cleanupWindowlessSessions - Asynchronous Sessions clean-up phase starting NOW
[INFO  - 2017-11-18T01:35:48.591Z] SessionManagerReqHand - _cleanupWindowlessSessions - Asynchronous Sessions clean-up phase starting NOW
[ERROR - 2017-11-18T01:36:10.556Z] WebElementLocator - _handleLocateCommand - Element(s) NOT Found: GAVE UP. Search Stop Time: 1510968970523

  phantomjs://platform/console++.js:263 in error
[ERROR - 2017-11-18T01:36:10.641Z] Session [69034350-cbff-11e7-ae94-f9be99089021] - page.onError - msg: Error: undefined is not an object (evaluating 'a.frozen')
isFrozen@https://www.reclameaqui.com.br/scripts/scripts.55ca2366.js:16:21425
https://www.reclameaqui.com.br/scripts/scripts.55ca2366.js:16:21618
[native code]
h@https://www.reclameaqui.com.br/scripts/vendor.947f9421.js:4:30417
https://www.reclameaqui.com.br/scripts/vendor.947f9421.js:5:16232
https://www.reclameaqui.com.br/scripts/vendor.947f9421.js:15:19362
https://www.reclameaqui.com.br/scripts/vendor.947f9421.js:3:76608
ua@https://www.reclameaqui.com.br/scripts/vendor.947f9421.js:5:972
n@https://www.reclameaqui.com.br/scripts/vendor.947f9421.js:4:83373
g@https://www.reclameaqui.com.br/scripts/vendor.947f9421.js:4:55773
https://www.reclameaqui.com.br/scripts/vendor.947f9421.js:4:55304
https://www.reclameaqui.com.br/scripts/vendor.947f9421.js:4:58078
k@https://www.reclameaqui.com.br/scripts/vendor.947f9421.js:15:54776
https://www.reclameaqui.com.br/scripts/vendor.947f9421.js:15:55045
$broadcast@https://www.reclameaqui.com.br/scripts/vendor.947f9421.js:6:4861
https://www.reclameaqui.com.br/scripts/vendor.947f9421.js:15:33910
h@https://www.reclameaqui.com.br/scripts/vendor.947f9421.js:5:55286
https://www.reclameaqui.com.br/scripts/vendor.947f9421.js:5:55458
$eval@https://www.reclameaqui.com.br/scripts/vendor.947f9421.js:6:3470
$digest@https://www.reclameaqui.com.br/scripts/vendor.947f9421.js:6:1948
$apply@https://www.reclameaqui.com.br/scripts/vendor.947f9421.js:6:3760
i@https://www.reclameaqui.com.br/scripts/vendor.947f9421.js:5:35541
u@https://www.reclameaqui.com.br/scripts/vendor.947f9421.js:5:35721
y@https://www.reclameaqui.com.br/scripts/vendor.947f9421.js:5:36249
openUrl@[native code]
open@phantomjs://platform/webpage.js:281:25
phantomjs://code/session_request_handler.js:495:36
_execFuncAndWaitForLoadDecorator@phantomjs://code/session.js:212:23
_postUrlCommand@phantomjs://code/session_request_handler.js:494:46
_handle@phantomjs://code/session_request_handler.js:91:32
_reroute@phantomjs://code/request_handler.js:61:20
_handle@phantomjs://code/router_request_handler.js:78:46 <ui-view class="ng-scope" data-ng-animate="1">

  phantomjs://platform/console++.js:263 in error
[ERROR - 2017-11-18T01:36:10.641Z] Session [69034350-cbff-11e7-ae94-f9be99089021] - page.onError - stack:
  (anonymous function) (https://www.reclameaqui.com.br/scripts/vendor.947f9421.js:5)

  phantomjs://platform/console++.js:263 in error
[INFO  - 2017-11-18T01:40:48.591Z] SessionManagerReqHand - _cleanupWindowlessSessions - Asynchronous Sessions clean-up phase starting NOW
[INFO  - 2017-11-18T01:45:48.591Z] SessionManagerReqHand - _cleanupWindowlessSessions - Asynchronous Sessions clean-up phase starting NOW
[INFO  - 2017-11-18T01:50:48.592Z] SessionManagerReqHand - _cleanupWindowlessSessions - Asynchronous Sessions clean-up phase starting NOW
[INFO  - 2017-11-18T01:55:48.591Z] SessionManagerReqHand - _cleanupWindowlessSessions - Asynchronous Sessions clean-up phase starting NOW
[INFO  - 2017-11-18T02:00:48.051Z] SessionManagerReqHand - _cleanupWindowlessSessions - Asynchronous Sessions clean-up phase starting NOW
[INFO  - 2017-11-18T02:05:48.055Z] SessionManagerReqHand - _cleanupWindowlessSessions - Asynchronous Sessions clean-up phase starting NOW
[INFO  - 2017-11-18T02:10:48.055Z] SessionManagerReqHand - _cleanupWindowlessSessions - Asynchronous Sessions clean-up phase starting NOW
[INFO  - 2017-11-18T02:15:48.130Z] SessionManagerReqHand - _cleanupWindowlessSessions - Asynchronous Sessions clean-up phase starting NOW
[ERROR - 2017-11-18T02:16:20.480Z] WebElementLocator - _handleLocateCommand - Element(s) NOT Found: GAVE UP. Search Stop Time: 1510971380452

  phantomjs://platform/console++.js:263 in error
[INFO  - 2017-11-18T02:20:48.129Z] SessionManagerReqHand - _cleanupWindowlessSessions - Asynchronous Sessions clean-up phase starting NOW
[INFO  - 2017-11-18T02:25:48.130Z] SessionManagerReqHand - _cleanupWindowlessSessions - Asynchronous Sessions clean-up phase starting NOW
[ERROR - 2017-11-18T02:27:18.826Z] WebElementLocator - _handleLocateCommand - Element(s) NOT Found: GAVE UP. Search Stop Time: 1510972038796

  phantomjs://platform/console++.js:263 in error
[ERROR - 2017-11-18T02:27:18.904Z] Session [69034350-cbff-11e7-ae94-f9be99089021] - page.onError - msg: Error: undefined is not an object (evaluating 'a.frozen')
isFrozen@https://www.reclameaqui.com.br/scripts/scripts.55ca2366.js:16:21425
https://www.reclameaqui.com.br/scripts/scripts.55ca2366.js:16:21618
[native code]
h@https://www.reclameaqui.com.br/scripts/vendor.947f9421.js:4:30417
https://www.reclameaqui.com.br/scripts/vendor.947f9421.js:5:16232
https://www.reclameaqui.com.br/scripts/vendor.947f9421.js:15:19362
https://www.reclameaqui.com.br/scripts/vendor.947f9421.js:3:76608
ua@https://www.reclameaqui.com.br/scripts/vendor.947f9421.js:5:972
n@https://www.reclameaqui.com.br/scripts/vendor.947f9421.js:4:83373
g@https://www.reclameaqui.com.br/scripts/vendor.947f9421.js:4:55773
https://www.reclameaqui.com.br/scripts/vendor.947f9421.js:4:55304
https://www.reclameaqui.com.br/scripts/vendor.947f9421.js:4:58078
k@https://www.reclameaqui.com.br/scripts/vendor.947f9421.js:15:54776
https://www.reclameaqui.com.br/scripts/vendor.947f9421.js:15:55045
$broadcast@https://www.reclameaqui.com.br/scripts/vendor.947f9421.js:6:4861
https://www.reclameaqui.com.br/scripts/vendor.947f9421.js:15:33910
h@https://www.reclameaqui.com.br/scripts/vendor.947f9421.js:5:55286
https://www.reclameaqui.com.br/scripts/vendor.947f9421.js:5:55458
$eval@https://www.reclameaqui.com.br/scripts/vendor.947f9421.js:6:3470
$digest@https://www.reclameaqui.com.br/scripts/vendor.947f9421.js:6:1948
$apply@https://www.reclameaqui.com.br/scripts/vendor.947f9421.js:6:3760
i@https://www.reclameaqui.com.br/scripts/vendor.947f9421.js:5:35541
u@https://www.reclameaqui.com.br/scripts/vendor.947f9421.js:5:35721
y@https://www.reclameaqui.com.br/scripts/vendor.947f9421.js:5:36249
openUrl@[native code]
open@phantomjs://platform/webpage.js:281:25
phantomjs://code/session_request_handler.js:495:36
_execFuncAndWaitForLoadDecorator@phantomjs://code/session.js:212:23
_postUrlCommand@phantomjs://code/session_request_handler.js:494:46
_handle@phantomjs://code/session_request_handler.js:91:32
_reroute@phantomjs://code/request_handler.js:61:20
_handle@phantomjs://code/router_request_handler.js:78:46 <ui-view class="ng-scope" data-ng-animate="1">

  phantomjs://platform/console++.js:263 in error
[ERROR - 2017-11-18T02:27:18.905Z] Session [69034350-cbff-11e7-ae94-f9be99089021] - page.onError - stack:
  (anonymous function) (https://www.reclameaqui.com.br/scripts/vendor.947f9421.js:5)

  phantomjs://platform/console++.js:263 in error
[ERROR - 2017-11-18T02:28:59.171Z] WebElementLocator - _handleLocateCommand - Element(s) NOT Found: GAVE UP. Search Stop Time: 1510972139145

  phantomjs://platform/console++.js:263 in error
[ERROR - 2017-11-18T02:28:59.279Z] Session [69034350-cbff-11e7-ae94-f9be99089021] - page.onError - msg: Error: undefined is not an object (evaluating 'a.frozen')
isFrozen@https://www.reclameaqui.com.br/scripts/scripts.55ca2366.js:16:21425
https://www.reclameaqui.com.br/scripts/scripts.55ca2366.js:16:21618
[native code]
h@https://www.reclameaqui.com.br/scripts/vendor.947f9421.js:4:30417
https://www.reclameaqui.com.br/scripts/vendor.947f9421.js:5:16232
https://www.reclameaqui.com.br/scripts/vendor.947f9421.js:15:19362
https://www.reclameaqui.com.br/scripts/vendor.947f9421.js:3:76608
ua@https://www.reclameaqui.com.br/scripts/vendor.947f9421.js:5:972
n@https://www.reclameaqui.com.br/scripts/vendor.947f9421.js:4:83373
g@https://www.reclameaqui.com.br/scripts/vendor.947f9421.js:4:55773
https://www.reclameaqui.com.br/scripts/vendor.947f9421.js:4:55304
https://www.reclameaqui.com.br/scripts/vendor.947f9421.js:4:58078
k@https://www.reclameaqui.com.br/scripts/vendor.947f9421.js:15:54776
https://www.reclameaqui.com.br/scripts/vendor.947f9421.js:15:55045
$broadcast@https://www.reclameaqui.com.br/scripts/vendor.947f9421.js:6:4861
https://www.reclameaqui.com.br/scripts/vendor.947f9421.js:15:33910
h@https://www.reclameaqui.com.br/scripts/vendor.947f9421.js:5:55286
https://www.reclameaqui.com.br/scripts/vendor.947f9421.js:5:55458
$eval@https://www.reclameaqui.com.br/scripts/vendor.947f9421.js:6:3470
$digest@https://www.reclameaqui.com.br/scripts/vendor.947f9421.js:6:1948
$apply@https://www.reclameaqui.com.br/scripts/vendor.947f9421.js:6:3760
i@https://www.reclameaqui.com.br/scripts/vendor.947f9421.js:5:35541
u@https://www.reclameaqui.com.br/scripts/vendor.947f9421.js:5:35721
y@https://www.reclameaqui.com.br/scripts/vendor.947f9421.js:5:36249
openUrl@[native code]
open@phantomjs://platform/webpage.js:281:25
phantomjs://code/session_request_handler.js:495:36
_execFuncAndWaitForLoadDecorator@phantomjs://code/session.js:212:23
_postUrlCommand@phantomjs://code/session_request_handler.js:494:46
_handle@phantomjs://code/session_request_handler.js:91:32
_reroute@phantomjs://code/request_handler.js:61:20
_handle@phantomjs://code/router_request_handler.js:78:46 <ui-view class="ng-scope" data-ng-animate="1">

  phantomjs://platform/console++.js:263 in error
[ERROR - 2017-11-18T02:28:59.279Z] Session [69034350-cbff-11e7-ae94-f9be99089021] - page.onError - stack:
  (anonymous function) (https://www.reclameaqui.com.br/scripts/vendor.947f9421.js:5)

  phantomjs://platform/console++.js:263 in error
[INFO  - 2017-11-18T02:30:48.130Z] SessionManagerReqHand - _cleanupWindowlessSessions - Asynchronous Sessions clean-up phase starting NOW
[ERROR - 2017-11-18T02:31:56.283Z] WebElementLocator - _handleLocateCommand - Element(s) NOT Found: GAVE UP. Search Stop Time: 1510972316249

  phantomjs://platform/console++.js:263 in error
[ERROR - 2017-11-18T02:31:56.361Z] Session [69034350-cbff-11e7-ae94-f9be99089021] - page.onError - msg: Error: undefined is not an object (evaluating 'a.frozen')
isFrozen@https://www.reclameaqui.com.br/scripts/scripts.55ca2366.js:16:21425
https://www.reclameaqui.com.br/scripts/scripts.55ca2366.js:16:21618
[native code]
h@https://www.reclameaqui.com.br/scripts/vendor.947f9421.js:4:30417
https://www.reclameaqui.com.br/scripts/vendor.947f9421.js:5:16232
https://www.reclameaqui.com.br/scripts/vendor.947f9421.js:15:19362
https://www.reclameaqui.com.br/scripts/vendor.947f9421.js:3:76608
ua@https://www.reclameaqui.com.br/scripts/vendor.947f9421.js:5:972
n@https://www.reclameaqui.com.br/scripts/vendor.947f9421.js:4:83373
g@https://www.reclameaqui.com.br/scripts/vendor.947f9421.js:4:55773
https://www.reclameaqui.com.br/scripts/vendor.947f9421.js:4:55304
https://www.reclameaqui.com.br/scripts/vendor.947f9421.js:4:58078
k@https://www.reclameaqui.com.br/scripts/vendor.947f9421.js:15:54776
https://www.reclameaqui.com.br/scripts/vendor.947f9421.js:15:55045
$broadcast@https://www.reclameaqui.com.br/scripts/vendor.947f9421.js:6:4861
https://www.reclameaqui.com.br/scripts/vendor.947f9421.js:15:33910
h@https://www.reclameaqui.com.br/scripts/vendor.947f9421.js:5:55286
https://www.reclameaqui.com.br/scripts/vendor.947f9421.js:5:55458
$eval@https://www.reclameaqui.com.br/scripts/vendor.947f9421.js:6:3470
$digest@https://www.reclameaqui.com.br/scripts/vendor.947f9421.js:6:1948
$apply@https://www.reclameaqui.com.br/scripts/vendor.947f9421.js:6:3760
i@https://www.reclameaqui.com.br/scripts/vendor.947f9421.js:5:35541
u@https://www.reclameaqui.com.br/scripts/vendor.947f9421.js:5:35721
y@https://www.reclameaqui.com.br/scripts/vendor.947f9421.js:5:36249
openUrl@[native code]
open@phantomjs://platform/webpage.js:281:25
phantomjs://code/session_request_handler.js:495:36
_execFuncAndWaitForLoadDecorator@phantomjs://code/session.js:212:23
_postUrlCommand@phantomjs://code/session_request_handler.js:494:46
_handle@phantomjs://code/session_request_handler.js:91:32
_reroute@phantomjs://code/request_handler.js:61:20
_handle@phantomjs://code/router_request_handler.js:78:46 <ui-view class="ng-scope" data-ng-animate="1">

  phantomjs://platform/console++.js:263 in error
[ERROR - 2017-11-18T02:31:56.361Z] Session [69034350-cbff-11e7-ae94-f9be99089021] - page.onError - stack:
  (anonymous function) (https://www.reclameaqui.com.br/scripts/vendor.947f9421.js:5)

  phantomjs://platform/console++.js:263 in error
[INFO  - 2017-11-18T02:35:48.130Z] SessionManagerReqHand - _cleanupWindowlessSessions - Asynchronous Sessions clean-up phase starting NOW
[INFO  - 2017-11-18T02:40:48.183Z] SessionManagerReqHand - _cleanupWindowlessSessions - Asynchronous Sessions clean-up phase starting NOW
[INFO  - 2017-11-18T02:45:48.182Z] SessionManagerReqHand - _cleanupWindowlessSessions - Asynchronous Sessions clean-up phase starting NOW
[INFO  - 2017-11-18T02:50:48.183Z] SessionManagerReqHand - _cleanupWindowlessSessions - Asynchronous Sessions clean-up phase starting NOW
[INFO  - 2017-11-18T02:55:48.183Z] SessionManagerReqHand - _cleanupWindowlessSessions - Asynchronous Sessions clean-up phase starting NOW
[INFO  - 2017-11-18T03:00:48.184Z] SessionManagerReqHand - _cleanupWindowlessSessions - Asynchronous Sessions clean-up phase starting NOW
[INFO  - 2017-11-18T03:05:48.184Z] SessionManagerReqHand - _cleanupWindowlessSessions - Asynchronous Sessions clean-up phase starting NOW
